<?xml version="1.0" encoding="UTF-8"?>
<!-- Generated by org.testng.reporters.JUnitReportReporter -->
<testsuite hostname="JKL029" failures="0" tests="4" name="com.jkl.testCases.TC_AssetConfigurations" time="67.571" errors="0" timestamp="2024-06-21T15:31:15 IST" skipped="0">
  <testcase classname="com.jkl.testCases.TC_AssetConfigurations" name="test_AddAssetConfiguration" time="21.742"/>
  <system-out/>
  <testcase classname="com.jkl.testCases.TC_AssetConfigurations" name="test_EditAssetConfiguration" time="21.861"/>
  <system-out/>
  <testcase classname="com.jkl.testCases.TC_AssetConfigurations" name="test_ArchiveAssetConfiguration" time="11.470"/>
  <system-out/>
  <testcase classname="com.jkl.testCases.TC_AssetConfigurations" name="test_RestoreAssetConfiguration" time="12.498"/>
  <system-out/>
</testsuite> <!-- com.jkl.testCases.TC_AssetConfigurations -->
