<?xml version="1.0" encoding="UTF-8"?>
<!-- Generated by org.testng.reporters.JUnitReportReporter -->
<testsuite hostname="JKL029" failures="0" tests="1" name="com.jkl.testCases.TC_Home" time="3.278" errors="0" timestamp="2024-06-25T15:25:31 IST" skipped="0">
  <testcase classname="com.jkl.testCases.TC_Home" name="test_HomePageElement" time="3.278"/>
  <system-out/>
</testsuite> <!-- com.jkl.testCases.TC_Home -->
