<?xml version="1.0" encoding="UTF-8"?>
<!-- Generated by org.testng.reporters.JUnitReportReporter -->
<testsuite hostname="DESKTOP-J5S0LPJ" failures="0" tests="1" name="com.leonardoAI.testCases.TC_ImageGenerationPage" time="0.205" errors="0" timestamp="2024-06-15T22:20:13 IST" skipped="0">
  <testcase classname="com.leonardoAI.testCases.TC_ImageGenerationPage" name="test_RenameDonwloadedFile" time="0.205"/>
  <system-out/>
</testsuite> <!-- com.leonardoAI.testCases.TC_ImageGenerationPage -->
