<?xml version="1.0" encoding="UTF-8"?>
<!-- Generated by org.testng.reporters.JUnitReportReporter -->
<testsuite hostname="JKL029" failures="0" tests="2" name="com.jkl.testCases.TC_Vendors" time="34.152" errors="0" timestamp="2024-06-25T19:29:30 IST" skipped="0">
  <testcase classname="com.jkl.testCases.TC_Vendors" name="test_DeactivateVendorContact" time="17.195"/>
  <system-out/>
  <testcase classname="com.jkl.testCases.TC_Vendors" name="test_ActivateVendorContact" time="16.957"/>
  <system-out/>
</testsuite> <!-- com.jkl.testCases.TC_Vendors -->
