<?xml version="1.0" encoding="UTF-8"?>
<!-- Generated by org.testng.reporters.JUnitReportReporter -->
<testsuite hostname="JKL029" failures="0" tests="7" name="com.jkl.testCases.TC_Customers" time="88.739" errors="0" timestamp="2024-06-25T15:36:17 IST" skipped="0">
  <testcase classname="com.jkl.testCases.TC_Customers" name="test_AddCustomer" time="9.872"/>
  <system-out/>
  <testcase classname="com.jkl.testCases.TC_Customers" name="test_EditCustomer" time="15.138"/>
  <system-out/>
  <testcase classname="com.jkl.testCases.TC_Customers" name="test_DeactivateCustomer" time="12.851"/>
  <system-out/>
  <testcase classname="com.jkl.testCases.TC_Customers" name="test_ActivateCustomer" time="12.671"/>
  <system-out/>
  <testcase classname="com.jkl.testCases.TC_Customers" name="test_ArchiveCustomer" time="12.613"/>
  <system-out/>
  <testcase classname="com.jkl.testCases.TC_Customers" name="test_RestoreCustomer" time="13.436"/>
  <system-out/>
  <testcase classname="com.jkl.testCases.TC_Customers" name="test_ViewCustomer" time="12.158"/>
  <system-out/>
</testsuite> <!-- com.jkl.testCases.TC_Customers -->
