<?xml version="1.0" encoding="UTF-8"?>
<!-- Generated by org.testng.reporters.JUnitReportReporter -->
<testsuite hostname="JKL029" failures="0" tests="7" name="com.jkl.testCases.TC_AssetCategory" time="105.467" errors="0" timestamp="2024-06-14T17:28:49 IST" skipped="0">
  <testcase classname="com.jkl.testCases.TC_AssetCategory" name="test_AddAssetCategory" time="21.662"/>
  <system-out/>
  <testcase classname="com.jkl.testCases.TC_AssetCategory" name="test_EditAssetCategory" time="23.776"/>
  <system-out/>
  <testcase classname="com.jkl.testCases.TC_AssetCategory" name="test_ViewAssetCategory" time="11.526"/>
  <system-out/>
  <testcase classname="com.jkl.testCases.TC_AssetCategory" name="test_DeactivateAssetCategory" time="11.863"/>
  <system-out/>
  <testcase classname="com.jkl.testCases.TC_AssetCategory" name="test_ActivateAssetCategory" time="11.855"/>
  <system-out/>
  <testcase classname="com.jkl.testCases.TC_AssetCategory" name="test_ArchiveAssetCategory" time="11.953"/>
  <system-out/>
  <testcase classname="com.jkl.testCases.TC_AssetCategory" name="test_RestoreAssetCategory" time="12.832"/>
  <system-out/>
</testsuite> <!-- com.jkl.testCases.TC_AssetCategory -->
