<?xml version="1.0" encoding="UTF-8"?>
<!-- Generated by org.testng.reporters.JUnitReportReporter -->
<testsuite hostname="JKL029" failures="0" tests="4" name="com.jkl.testCases.TC_AssetConfigurations" time="59.063" errors="0" timestamp="2024-06-25T16:51:46 IST" skipped="0">
  <testcase classname="com.jkl.testCases.TC_AssetConfigurations" name="test_AddAssetConfiguration" time="27.173"/>
  <system-out/>
  <testcase classname="com.jkl.testCases.TC_AssetConfigurations" name="test_EditAssetConfiguration" time="8.968"/>
  <system-out/>
  <testcase classname="com.jkl.testCases.TC_AssetConfigurations" name="test_ArchiveAssetConfiguration" time="11.076"/>
  <system-out/>
  <testcase classname="com.jkl.testCases.TC_AssetConfigurations" name="test_RestoreAssetConfiguration" time="11.846"/>
  <system-out/>
</testsuite> <!-- com.jkl.testCases.TC_AssetConfigurations -->
