<?xml version="1.0" encoding="UTF-8"?>
<!-- Generated by org.testng.reporters.JUnitReportReporter -->
<testsuite hostname="JKL029" failures="0" tests="2" name="com.jkl.testCases.TC_Inner_Dashboard" time="13.938" errors="0" timestamp="2024-06-25T15:58:18 IST" skipped="0">
  <testcase classname="com.jkl.testCases.TC_Inner_Dashboard" name="test_CheckDashboardCount" time="1.182"/>
  <system-out/>
  <testcase classname="com.jkl.testCases.TC_Inner_Dashboard" name="test_CheckDashboardMenus" time="12.756"/>
  <system-out/>
</testsuite> <!-- com.jkl.testCases.TC_Inner_Dashboard -->
